<?xml version="1.0" encoding="UTF-8"?>
<testsuite xmlns:xsi="http://www.w3.org/2001/XMLSchema-instance" xsi:noNamespaceSchemaLocation="https://maven.apache.org/surefire/maven-surefire-plugin/xsd/surefire-test-report-3.0.xsd" version="3.0" name="pl.edu.wszib.library.database.BookDAOTest" time="0.587" tests="6" errors="0" skipped="0" failures="0">
  <properties>
[...]
</properties>
  <testcase name="failedBorrowBookByID" classname="pl.edu.wszib.library.database.BookDAOTest" time="0.088"/>
  <testcase name="successfulShowingAllBooks" classname="pl.edu.wszib.library.database.BookDAOTest" time="0.019">
    <system-out><![CDATA[Book =  id: 2	title: "ALICE IN WONDERLAND"	author: LEWIS CARROLL	isbn: 123466234	available: false	user_name: Karolina	 user_surname: Dyjak	date_of_borrow: 2023-02-01	 date_of_return: 2023-02-15
Book =  id: 3	title: "LITTLE WOMEN"	author: LOUISA MAY ALCOTT	isbn: 26334621	available: false	user_name: Anna	 user_surname: Dyjak	date_of_borrow: 2023-02-20	 date_of_return: 2023-03-06
Book =  id: 4	title: "TWISTED LOVE"	author: ANA HUANG	isbn: 34523141	available: false	user_name: Karolina	 user_surname: Dyjak	date_of_borrow: 2023-02-16	 date_of_return: 2023-03-02
Book =  id: 5	title: "IT ENDS WITH US"	author: HOOVER COLLEEN	isbn: 55412344243	available: true
Book =  id: 6	title: "TWISTED HATE"	author: ANA HUANG	isbn: 3242342	available: true
Book =  id: 7	title: "TWISTED LIES"	author: ANA HUANG	isbn: 2532534465414	available: false	user_name: Kazimierz	 user_surname: Malkowski	date_of_borrow: 2023-02-16	 date_of_return: 2023-03-02
Book =  id: 8	title: "SHE AND HER CAT"	author: SHINKAI MAKOTO	isbn: 3252342135	available: false	user_name: Marcin	 user_surname: Kolacz	date_of_borrow: 2023-02-19	 date_of_return: 2023-03-05
Book =  id: 9	title: "CLIFFORD"	author: MAYA JOHNSON	isbn: 1215123123	available: true
]]></system-out>
  </testcase>
  <testcase name="successfulShowingBooksOutOfDate" classname="pl.edu.wszib.library.database.BookDAOTest" time="0.054">
    <system-out><![CDATA[Book =  id: 2	title: "ALICE IN WONDERLAND"	author: LEWIS CARROLL	isbn: 123466234	available: false	user_name: Karolina	 user_surname: Dyjak	date_of_borrow: 2023-02-01	 date_of_return: 2023-02-15

]]></system-out>
  </testcase>
  <testcase name="failedAddingBook" classname="pl.edu.wszib.library.database.BookDAOTest" time="0.006"/>
  <testcase name="successfulShowingAllBorrowedBooks" classname="pl.edu.wszib.library.database.BookDAOTest" time="0.018">
    <system-out><![CDATA[Book =  id: 2	title: "ALICE IN WONDERLAND"	author: LEWIS CARROLL	isbn: 123466234	available: false	user_name: Karolina	 user_surname: Dyjak	date_of_borrow: 2023-02-01	 date_of_return: 2023-02-15

Book =  id: 3	title: "LITTLE WOMEN"	author: LOUISA MAY ALCOTT	isbn: 26334621	available: false	user_name: Anna	 user_surname: Dyjak	date_of_borrow: 2023-02-20	 date_of_return: 2023-03-06

Book =  id: 4	title: "TWISTED LOVE"	author: ANA HUANG	isbn: 34523141	available: false	user_name: Karolina	 user_surname: Dyjak	date_of_borrow: 2023-02-16	 date_of_return: 2023-03-02

Book =  id: 7	title: "TWISTED LIES"	author: ANA HUANG	isbn: 2532534465414	available: false	user_name: Kazimierz	 user_surname: Malkowski	date_of_borrow: 2023-02-16	 date_of_return: 2023-03-02

Book =  id: 8	title: "SHE AND HER CAT"	author: SHINKAI MAKOTO	isbn: 3252342135	available: false	user_name: Marcin	 user_surname: Kolacz	date_of_borrow: 2023-02-19	 date_of_return: 2023-03-05

]]></system-out>
  </testcase>
  <testcase name="failedFindBook" classname="pl.edu.wszib.library.database.BookDAOTest" time="0.002"/>
</testsuite>